<?xml version="1.0" encoding="UTF-8"?>
<!-- Generated by org.testng.reporters.JUnitReportReporter -->
<testsuite hostname="DESKTOP-H0DR8AN" name="UnitTestCases.ConfigurationUnit" tests="1" failures="0" timestamp="28 Apr 2020 05:43:31 GMT" time="116.309" errors="0">
  <testcase name="Unit" time="116.309" classname="UnitTestCases.ConfigurationUnit"/>
</testsuite> <!-- UnitTestCases.ConfigurationUnit -->
