<?xml version="1.0" encoding="UTF-8"?>
<!-- Generated by org.testng.reporters.JUnitReportReporter -->
<testsuite hostname="DESKTOP-H0DR8AN" name="PayTypeTestCases.PayTypeTestCases" tests="1" failures="0" timestamp="28 Apr 2020 12:42:46 GMT" time="32.832" errors="0">
  <testcase name="Pay" time="32.832" classname="PayTypeTestCases.PayTypeTestCases"/>
</testsuite> <!-- PayTypeTestCases.PayTypeTestCases -->
