<?xml version="1.0" encoding="UTF-8"?>
<!-- Generated by org.testng.reporters.JUnitReportReporter -->
<testsuite hostname="DESKTOP-H0DR8AN" name="AccountGroupTestCases.ConfiurationAccountGroup" tests="1" failures="0" timestamp="29 Apr 2020 12:36:32 GMT" time="55.813" errors="0">
  <testcase name="AccountGroup" time="55.813" classname="AccountGroupTestCases.ConfiurationAccountGroup"/>
</testsuite> <!-- AccountGroupTestCases.ConfiurationAccountGroup -->
