<?xml version="1.0" encoding="UTF-8"?>
<!-- Generated by org.testng.reporters.JUnitReportReporter -->
<testsuite hostname="DESKTOP-VF9ADLC" name="PerferencesTestCases.AllotmentzoneRateTestcases" tests="1" failures="0" timestamp="15 May 2020 09:41:24 GMT" time="62.533" errors="0">
  <testcase name="Rate" time="62.533" classname="PerferencesTestCases.AllotmentzoneRateTestcases"/>
</testsuite> <!-- PerferencesTestCases.AllotmentzoneRateTestcases -->
