<?xml version="1.0" encoding="UTF-8"?>
<!-- Generated by org.testng.reporters.JUnitReportReporter -->
<testsuite hostname="DESKTOP-VF9ADLC" name="PerferencesTestCases.AllotmentZoneTestCases" tests="1" failures="0" timestamp="15 May 2020 07:31:49 GMT" time="35.017" errors="0">
  <testcase name="Zone" time="35.017" classname="PerferencesTestCases.AllotmentZoneTestCases"/>
</testsuite> <!-- PerferencesTestCases.AllotmentZoneTestCases -->
