<?xml version="1.0" encoding="UTF-8"?>
<!-- Generated by org.testng.reporters.JUnitReportReporter -->
<testsuite hostname="DESKTOP-VF9ADLC" name="AdminTestCases.PasswordTestCases" tests="1" failures="0" timestamp="14 May 2020 13:01:34 GMT" time="29.151" errors="0">
  <testcase name="Password" time="29.151" classname="AdminTestCases.PasswordTestCases"/>
</testsuite> <!-- AdminTestCases.PasswordTestCases -->
