<?xml version="1.0" encoding="UTF-8"?>
<!-- Generated by org.testng.reporters.JUnitReportReporter -->
<testsuite hostname="DESKTOP-H0DR8AN" name="FinancialYearTestCases.ConfigurationFinancialYear" tests="1" failures="0" timestamp="29 Apr 2020 06:21:46 GMT" time="44.066" errors="0">
  <testcase name="Financial" time="44.066" classname="FinancialYearTestCases.ConfigurationFinancialYear"/>
</testsuite> <!-- FinancialYearTestCases.ConfigurationFinancialYear -->
