<?xml version="1.0" encoding="UTF-8"?>
<!-- Generated by org.testng.reporters.JUnitReportReporter -->
<testsuite hostname="DESKTOP-H0DR8AN" name="TaxMasterTestCases.TaxMasterTestCases" tests="1" failures="0" timestamp="28 Apr 2020 11:08:54 GMT" time="55.069" errors="0">
  <testcase name="TexMaster" time="55.069" classname="TaxMasterTestCases.TaxMasterTestCases"/>
</testsuite> <!-- TaxMasterTestCases.TaxMasterTestCases -->
