<?xml version="1.0" encoding="UTF-8"?>
<!-- Generated by org.testng.reporters.JUnitReportReporter -->
<testsuite hostname="DESKTOP-VF9ADLC" name="PerferencesTestCases.AllotmentzoneSpaceTestcases" tests="1" failures="0" timestamp="15 May 2020 09:02:20 GMT" time="58.182" errors="0">
  <testcase name="Space" time="58.182" classname="PerferencesTestCases.AllotmentzoneSpaceTestcases"/>
</testsuite> <!-- PerferencesTestCases.AllotmentzoneSpaceTestcases -->
