<?xml version="1.0" encoding="UTF-8"?>
<!-- Generated by org.testng.reporters.JUnitReportReporter -->
<testsuite hostname="DESKTOP-H0DR8AN" name="VehicleTypeTestCases.ConfigurationVehicleType" tests="1" failures="0" timestamp="30 Apr 2020 09:39:37 GMT" time="49.954" errors="0">
  <testcase name="VehicleType" time="49.954" classname="VehicleTypeTestCases.ConfigurationVehicleType"/>
</testsuite> <!-- VehicleTypeTestCases.ConfigurationVehicleType -->
